This file contains any messages produced by compilers while
running configure, to aid debugging if configure makes a mistake.

It was created by configure, which was
generated by GNU Autoconf 2.61.  Invocation command line was

  $ ./configure --build=i386-linux --host=arm-linux --target=arm-linux CC=/home/ltf/mypro/1616/FD1616GS/trunk/buildroot/host/usr/bin/arm-linux-gcc AR=/home/ltf/mypro/1616/FD1616GS/trunk/buildroot/host/usr/bin/arm-linux-ar RANLIB=/home/ltf/mypro/1616/FD1616GS/trunk/buildroot/host/usr/bin/arm-linux-ranlib STRIP=/home/ltf/mypro/1616/FD1616GS/trunk/buildroot/host/usr/bin/arm-linux-strip --prefix=/home/ltf/mypro/1616/FD1616GS/trunk/buildroot/platform/libev/install --includedir=/home/ltf/mypro/1616/FD1616GS/trunk/buildroot/platform/libev/include

## --------- ##
## Platform. ##
## --------- ##

hostname = localhost.localdomain
uname -m = i686
uname -r = 2.6.43.8-1.fc15.i686.PAE
uname -s = Linux
uname -v = #1 SMP Mon Jun 4 20:21:39 UTC 2012

/usr/bin/uname -p = unknown
/bin/uname -X     = unknown

/bin/arch              = i686
/usr/bin/arch -k       = unknown
/usr/convex/getsysinfo = unknown
/usr/bin/hostinfo      = unknown
/bin/machine           = unknown
/usr/bin/oslevel       = unknown
/bin/universe          = unknown

PATH: /usr/lib/ccache
PATH: /usr/local/sbin
PATH: /usr/local/bin
PATH: /sbin
PATH: /bin
PATH: /usr/sbin
PATH: /usr/bin
PATH: /root/bin


## ----------- ##
## Core tests. ##
## ----------- ##

configure:1970: checking for a BSD-compatible install
configure:2026: result: /usr/bin/install -c
configure:2037: checking whether build environment is sane
configure:2080: result: yes
configure:2113: checking for gawk
configure:2129: found /bin/gawk
configure:2140: result: gawk
configure:2151: checking whether make  sets $(MAKE)
configure:2172: result: yes
configure:2251: checking for arm-linux-strip
configure:2278: result: /home/ltf/mypro/1616/FD1616GS/trunk/buildroot/host/usr/bin/arm-linux-strip
configure:2353: checking whether to enable maintainer-specific portions of Makefiles
configure:2362: result: no
configure:2391: checking for a BSD-compatible install
configure:2447: result: /usr/bin/install -c
configure:2536: checking build system type
configure:2554: result: i386-pc-linux-gnu
configure:2576: checking host system type
configure:2591: result: arm-unknown-linux-gnu
configure:2625: checking for style of include used by make 
configure:2653: result: GNU
configure:2686: checking for arm-linux-gcc
configure:2713: result: /home/ltf/mypro/1616/FD1616GS/trunk/buildroot/host/usr/bin/arm-linux-gcc
configure:2991: checking for C compiler version
configure:2998: /home/ltf/mypro/1616/FD1616GS/trunk/buildroot/host/usr/bin/arm-linux-gcc --version >&5
arm-linux-gcc (Broadcom Linux) 4.7.2
Copyright (C) 2012 Free Software Foundation, Inc.
This is free software; see the source for copying conditions.  There is NO
warranty; not even for MERCHANTABILITY or FITNESS FOR A PARTICULAR PURPOSE.

configure:3001: $? = 0
configure:3008: /home/ltf/mypro/1616/FD1616GS/trunk/buildroot/host/usr/bin/arm-linux-gcc -v >&5
Using built-in specs.
COLLECT_GCC=/home/ltf/mypro/1616/FD1616GS/trunk/buildroot/host/usr/bin/arm-linux-gcc
COLLECT_LTO_WRAPPER=/home/ltf/mypro/1616/FD1616GS/trunk/buildroot/host/usr/libexec/gcc/arm-broadcom-linux-uclibcgnueabi/4.7.2/lto-wrapper
Target: arm-broadcom-linux-uclibcgnueabi
Configured with: /home/ltf/mypro/1616/FD1616GS/trunk/buildroot/output/toolchain/gcc-4.7.2/configure --prefix=/home/ltf/mypro/1616/FD1616GS/trunk/buildroot/host/usr --build=i686-pc-linux-gnu --host=i686-pc-linux-gnu --target=arm-broadcom-linux-uclibcgnueabi --enable-languages=c,c++ --with-sysroot=/home/ltf/mypro/1616/FD1616GS/trunk/buildroot/host/usr/arm-broadcom-linux-uclibcgnueabi/sysroot --with-build-time-tools=/home/ltf/mypro/1616/FD1616GS/trunk/buildroot/host/usr/arm-broadcom-linux-uclibcgnueabi/bin --disable-__cxa_atexit --enable-target-optspace --disable-libgomp --with-gnu-ld --disable-libssp --disable-multilib --enable-tls --enable-shared --with-gmp=/home/ltf/mypro/1616/FD1616GS/trunk/buildroot/host/usr --with-mpfr=/home/ltf/mypro/1616/FD1616GS/trunk/buildroot/host/usr --with-mpc=/home/ltf/mypro/1616/FD1616GS/trunk/buildroot/host/usr --disable-nls --enable-threads --disable-decimal-float --with-float=soft --with-abi=aapcs-linux --with-arch=armv7-a --with-tune=cortex-a9 --with-pkgversion='Buildroot 2012.11-svn1982' --with-bugurl=http://bugs.buildroot.net/ --with-pkgversion='Broadcom Linux'
Thread model: posix
gcc version 4.7.2 (Broadcom Linux) 
configure:3011: $? = 0
configure:3018: /home/ltf/mypro/1616/FD1616GS/trunk/buildroot/host/usr/bin/arm-linux-gcc -V >&5
arm-linux-gcc: error: unrecognized command line option '-V'
arm-linux-gcc: fatal error: no input files
compilation terminated.
configure:3021: $? = 1
configure:3044: checking for C compiler default output file name
configure:3071: /home/ltf/mypro/1616/FD1616GS/trunk/buildroot/host/usr/bin/arm-linux-gcc    conftest.c  >&5
configure:3074: $? = 0
configure:3112: result: a.out
configure:3129: checking whether the C compiler works
configure:3159: result: yes
configure:3166: checking whether we are cross compiling
configure:3168: result: yes
configure:3171: checking for suffix of executables
configure:3178: /home/ltf/mypro/1616/FD1616GS/trunk/buildroot/host/usr/bin/arm-linux-gcc -o conftest    conftest.c  >&5
configure:3181: $? = 0
configure:3205: result: 
configure:3211: checking for suffix of object files
configure:3237: /home/ltf/mypro/1616/FD1616GS/trunk/buildroot/host/usr/bin/arm-linux-gcc -c   conftest.c >&5
configure:3240: $? = 0
configure:3263: result: o
configure:3267: checking whether we are using the GNU C compiler
configure:3296: /home/ltf/mypro/1616/FD1616GS/trunk/buildroot/host/usr/bin/arm-linux-gcc -c   conftest.c >&5
configure:3302: $? = 0
configure:3319: result: yes
configure:3324: checking whether /home/ltf/mypro/1616/FD1616GS/trunk/buildroot/host/usr/bin/arm-linux-gcc accepts -g
configure:3354: /home/ltf/mypro/1616/FD1616GS/trunk/buildroot/host/usr/bin/arm-linux-gcc -c -g  conftest.c >&5
configure:3360: $? = 0
configure:3459: result: yes
configure:3476: checking for /home/ltf/mypro/1616/FD1616GS/trunk/buildroot/host/usr/bin/arm-linux-gcc option to accept ISO C89
configure:3550: /home/ltf/mypro/1616/FD1616GS/trunk/buildroot/host/usr/bin/arm-linux-gcc  -c -g -O2  conftest.c >&5
configure:3556: $? = 0
configure:3579: result: none needed
configure:3599: checking dependency style of /home/ltf/mypro/1616/FD1616GS/trunk/buildroot/host/usr/bin/arm-linux-gcc
configure:3682: result: none
configure:3699: checking for a sed that does not truncate output
configure:3755: result: /bin/sed
configure:3758: checking for grep that handles long lines and -e
configure:3832: result: /bin/grep
configure:3837: checking for egrep
configure:3915: result: /bin/grep -E
configure:3931: checking for ld used by /home/ltf/mypro/1616/FD1616GS/trunk/buildroot/host/usr/bin/arm-linux-gcc
configure:3998: result: /home/ltf/mypro/1616/FD1616GS/trunk/buildroot/host/usr/bin/arm-linux-ld
configure:4007: checking if the linker (/home/ltf/mypro/1616/FD1616GS/trunk/buildroot/host/usr/bin/arm-linux-ld) is GNU ld
configure:4022: result: yes
configure:4027: checking for /home/ltf/mypro/1616/FD1616GS/trunk/buildroot/host/usr/bin/arm-linux-ld option to reload object files
configure:4034: result: -r
configure:4052: checking for BSD-compatible nm
configure:4101: result: nm
configure:4105: checking whether ln -s works
configure:4109: result: yes
configure:4116: checking how to recognize dependent libraries
configure:4302: result: pass_all
configure:4547: checking how to run the C preprocessor
configure:4587: /home/ltf/mypro/1616/FD1616GS/trunk/buildroot/host/usr/bin/arm-linux-gcc -E  conftest.c
configure:4593: $? = 0
configure:4624: /home/ltf/mypro/1616/FD1616GS/trunk/buildroot/host/usr/bin/arm-linux-gcc -E  conftest.c
conftest.c:10:28: fatal error: ac_nonexistent.h: No such file or directory
compilation terminated.
configure:4630: $? = 1
configure: failed program was:
| /* confdefs.h.  */
| #define PACKAGE_NAME ""
| #define PACKAGE_TARNAME ""
| #define PACKAGE_VERSION ""
| #define PACKAGE_STRING ""
| #define PACKAGE_BUGREPORT ""
| #define PACKAGE "libev"
| #define VERSION "3.7"
| /* end confdefs.h.  */
| #include <ac_nonexistent.h>
configure:4663: result: /home/ltf/mypro/1616/FD1616GS/trunk/buildroot/host/usr/bin/arm-linux-gcc -E
configure:4692: /home/ltf/mypro/1616/FD1616GS/trunk/buildroot/host/usr/bin/arm-linux-gcc -E  conftest.c
configure:4698: $? = 0
configure:4729: /home/ltf/mypro/1616/FD1616GS/trunk/buildroot/host/usr/bin/arm-linux-gcc -E  conftest.c
conftest.c:10:28: fatal error: ac_nonexistent.h: No such file or directory
compilation terminated.
configure:4735: $? = 1
configure: failed program was:
| /* confdefs.h.  */
| #define PACKAGE_NAME ""
| #define PACKAGE_TARNAME ""
| #define PACKAGE_VERSION ""
| #define PACKAGE_STRING ""
| #define PACKAGE_BUGREPORT ""
| #define PACKAGE "libev"
| #define VERSION "3.7"
| /* end confdefs.h.  */
| #include <ac_nonexistent.h>
configure:4773: checking for ANSI C header files
configure:4803: /home/ltf/mypro/1616/FD1616GS/trunk/buildroot/host/usr/bin/arm-linux-gcc -c -g -O2  conftest.c >&5
configure:4809: $? = 0
configure:4937: result: yes
configure:4961: checking for sys/types.h
configure:4982: /home/ltf/mypro/1616/FD1616GS/trunk/buildroot/host/usr/bin/arm-linux-gcc -c -g -O2  conftest.c >&5
configure:4988: $? = 0
configure:5004: result: yes
configure:4961: checking for sys/stat.h
configure:4982: /home/ltf/mypro/1616/FD1616GS/trunk/buildroot/host/usr/bin/arm-linux-gcc -c -g -O2  conftest.c >&5
configure:4988: $? = 0
configure:5004: result: yes
configure:4961: checking for stdlib.h
configure:4982: /home/ltf/mypro/1616/FD1616GS/trunk/buildroot/host/usr/bin/arm-linux-gcc -c -g -O2  conftest.c >&5
configure:4988: $? = 0
configure:5004: result: yes
configure:4961: checking for string.h
configure:4982: /home/ltf/mypro/1616/FD1616GS/trunk/buildroot/host/usr/bin/arm-linux-gcc -c -g -O2  conftest.c >&5
configure:4988: $? = 0
configure:5004: result: yes
configure:4961: checking for memory.h
configure:4982: /home/ltf/mypro/1616/FD1616GS/trunk/buildroot/host/usr/bin/arm-linux-gcc -c -g -O2  conftest.c >&5
configure:4988: $? = 0
configure:5004: result: yes
configure:4961: checking for strings.h
configure:4982: /home/ltf/mypro/1616/FD1616GS/trunk/buildroot/host/usr/bin/arm-linux-gcc -c -g -O2  conftest.c >&5
configure:4988: $? = 0
configure:5004: result: yes
configure:4961: checking for inttypes.h
configure:4982: /home/ltf/mypro/1616/FD1616GS/trunk/buildroot/host/usr/bin/arm-linux-gcc -c -g -O2  conftest.c >&5
configure:4988: $? = 0
configure:5004: result: yes
configure:4961: checking for stdint.h
configure:4982: /home/ltf/mypro/1616/FD1616GS/trunk/buildroot/host/usr/bin/arm-linux-gcc -c -g -O2  conftest.c >&5
configure:4988: $? = 0
configure:5004: result: yes
configure:4961: checking for unistd.h
configure:4982: /home/ltf/mypro/1616/FD1616GS/trunk/buildroot/host/usr/bin/arm-linux-gcc -c -g -O2  conftest.c >&5
configure:4988: $? = 0
configure:5004: result: yes
configure:5031: checking dlfcn.h usability
configure:5048: /home/ltf/mypro/1616/FD1616GS/trunk/buildroot/host/usr/bin/arm-linux-gcc -c -g -O2  conftest.c >&5
configure:5054: $? = 0
configure:5068: result: yes
configure:5072: checking dlfcn.h presence
configure:5087: /home/ltf/mypro/1616/FD1616GS/trunk/buildroot/host/usr/bin/arm-linux-gcc -E  conftest.c
configure:5093: $? = 0
configure:5107: result: yes
configure:5135: checking for dlfcn.h
configure:5143: result: yes
configure:5170: checking for arm-linux-g++
configure:5200: result: no
configure:5170: checking for arm-linux-c++
configure:5200: result: no
configure:5170: checking for arm-linux-gpp
configure:5200: result: no
configure:5170: checking for arm-linux-aCC
configure:5200: result: no
configure:5170: checking for arm-linux-CC
configure:5200: result: no
configure:5170: checking for arm-linux-cxx
configure:5200: result: no
configure:5170: checking for arm-linux-cc++
configure:5200: result: no
configure:5170: checking for arm-linux-cl.exe
configure:5200: result: no
configure:5170: checking for arm-linux-FCC
configure:5200: result: no
configure:5170: checking for arm-linux-KCC
configure:5200: result: no
configure:5170: checking for arm-linux-RCC
configure:5200: result: no
configure:5170: checking for arm-linux-xlC_r
configure:5200: result: no
configure:5170: checking for arm-linux-xlC
configure:5200: result: no
configure:5214: checking for g++
configure:5230: found /usr/lib/ccache/g++
configure:5241: result: g++
configure:5259: WARNING: In the future, Autoconf will not detect cross-tools
whose name does not start with the host triplet.  If you think this
configuration is useful to you, please write to autoconf@gnu.org.
configure:5272: checking for C++ compiler version
configure:5279: g++ --version >&5
g++ (GCC) 4.6.3 20120306 (Red Hat 4.6.3-2)
Copyright (C) 2011 Free Software Foundation, Inc.
This is free software; see the source for copying conditions.  There is NO
warranty; not even for MERCHANTABILITY or FITNESS FOR A PARTICULAR PURPOSE.

configure:5282: $? = 0
configure:5289: g++ -v >&5
Using built-in specs.
COLLECT_GCC=/usr/bin/g++
COLLECT_LTO_WRAPPER=/usr/libexec/gcc/i686-redhat-linux/4.6.3/lto-wrapper
Target: i686-redhat-linux
Configured with: ../configure --prefix=/usr --mandir=/usr/share/man --infodir=/usr/share/info --with-bugurl=http://bugzilla.redhat.com/bugzilla --enable-bootstrap --enable-shared --enable-threads=posix --enable-checking=release --with-system-zlib --enable-__cxa_atexit --disable-libunwind-exceptions --enable-gnu-unique-object --enable-linker-build-id --enable-languages=c,c++,objc,obj-c++,java,fortran,ada,go,lto --enable-plugin --enable-java-awt=gtk --disable-dssi --with-java-home=/usr/lib/jvm/java-1.5.0-gcj-1.5.0.0/jre --enable-libgcj-multifile --enable-java-maintainer-mode --with-ecj-jar=/usr/share/java/eclipse-ecj.jar --disable-libjava-multilib --with-ppl --with-cloog --with-tune=generic --with-arch=i686 --build=i686-redhat-linux
Thread model: posix
gcc version 4.6.3 20120306 (Red Hat 4.6.3-2) (GCC) 
configure:5292: $? = 0
configure:5299: g++ -V >&5
g++: error: unrecognized option '-V'
g++: fatal error: no input files
compilation terminated.
configure:5302: $? = 4
configure:5305: checking whether we are using the GNU C++ compiler
configure:5334: g++ -c   conftest.cpp >&5
configure:5340: $? = 0
configure:5357: result: yes
configure:5362: checking whether g++ accepts -g
configure:5392: g++ -c -g  conftest.cpp >&5
configure:5398: $? = 0
configure:5497: result: yes
configure:5522: checking dependency style of g++
configure:5605: result: none
configure:5632: checking how to run the C++ preprocessor
configure:5668: g++ -E  conftest.cpp
configure:5674: $? = 0
configure:5705: g++ -E  conftest.cpp
conftest.cpp:21:28: fatal error: ac_nonexistent.h: No such file or directory
compilation terminated.
configure:5711: $? = 1
configure: failed program was:
| /* confdefs.h.  */
| #define PACKAGE_NAME ""
| #define PACKAGE_TARNAME ""
| #define PACKAGE_VERSION ""
| #define PACKAGE_STRING ""
| #define PACKAGE_BUGREPORT ""
| #define PACKAGE "libev"
| #define VERSION "3.7"
| #define STDC_HEADERS 1
| #define HAVE_SYS_TYPES_H 1
| #define HAVE_SYS_STAT_H 1
| #define HAVE_STDLIB_H 1
| #define HAVE_STRING_H 1
| #define HAVE_MEMORY_H 1
| #define HAVE_STRINGS_H 1
| #define HAVE_INTTYPES_H 1
| #define HAVE_STDINT_H 1
| #define HAVE_UNISTD_H 1
| #define HAVE_DLFCN_H 1
| /* end confdefs.h.  */
| #include <ac_nonexistent.h>
configure:5744: result: g++ -E
configure:5773: g++ -E  conftest.cpp
configure:5779: $? = 0
configure:5810: g++ -E  conftest.cpp
conftest.cpp:21:28: fatal error: ac_nonexistent.h: No such file or directory
compilation terminated.
configure:5816: $? = 1
configure: failed program was:
| /* confdefs.h.  */
| #define PACKAGE_NAME ""
| #define PACKAGE_TARNAME ""
| #define PACKAGE_VERSION ""
| #define PACKAGE_STRING ""
| #define PACKAGE_BUGREPORT ""
| #define PACKAGE "libev"
| #define VERSION "3.7"
| #define STDC_HEADERS 1
| #define HAVE_SYS_TYPES_H 1
| #define HAVE_SYS_STAT_H 1
| #define HAVE_STDLIB_H 1
| #define HAVE_STRING_H 1
| #define HAVE_MEMORY_H 1
| #define HAVE_STRINGS_H 1
| #define HAVE_INTTYPES_H 1
| #define HAVE_STDINT_H 1
| #define HAVE_UNISTD_H 1
| #define HAVE_DLFCN_H 1
| /* end confdefs.h.  */
| #include <ac_nonexistent.h>
configure:5865: checking for arm-linux-g77
configure:5895: result: no
configure:5865: checking for arm-linux-xlf
configure:5895: result: no
configure:5865: checking for arm-linux-f77
configure:5895: result: no
configure:5865: checking for arm-linux-frt
configure:5895: result: no
configure:5865: checking for arm-linux-pgf77
configure:5895: result: no
configure:5865: checking for arm-linux-cf77
configure:5895: result: no
configure:5865: checking for arm-linux-fort77
configure:5895: result: no
configure:5865: checking for arm-linux-fl32
configure:5895: result: no
configure:5865: checking for arm-linux-af77
configure:5895: result: no
configure:5865: checking for arm-linux-xlf90
configure:5895: result: no
configure:5865: checking for arm-linux-f90
configure:5895: result: no
configure:5865: checking for arm-linux-pgf90
configure:5895: result: no
configure:5865: checking for arm-linux-pghpf
configure:5895: result: no
configure:5865: checking for arm-linux-epcf90
configure:5895: result: no
configure:5865: checking for arm-linux-gfortran
configure:5895: result: no
configure:5865: checking for arm-linux-g95
configure:5895: result: no
configure:5865: checking for arm-linux-xlf95
configure:5895: result: no
configure:5865: checking for arm-linux-f95
configure:5895: result: no
configure:5865: checking for arm-linux-fort
configure:5895: result: no
configure:5865: checking for arm-linux-ifort
configure:5895: result: no
configure:5865: checking for arm-linux-ifc
configure:5895: result: no
configure:5865: checking for arm-linux-efc
configure:5895: result: no
configure:5865: checking for arm-linux-pgf95
configure:5895: result: no
configure:5865: checking for arm-linux-lf95
configure:5895: result: no
configure:5865: checking for arm-linux-ftn
configure:5895: result: no
configure:5909: checking for g77
configure:5939: result: no
configure:5909: checking for xlf
configure:5939: result: no
configure:5909: checking for f77
configure:5939: result: no
configure:5909: checking for frt
configure:5939: result: no
configure:5909: checking for pgf77
configure:5939: result: no
configure:5909: checking for cf77
configure:5939: result: no
configure:5909: checking for fort77
configure:5939: result: no
configure:5909: checking for fl32
configure:5939: result: no
configure:5909: checking for af77
configure:5939: result: no
configure:5909: checking for xlf90
configure:5939: result: no
configure:5909: checking for f90
configure:5939: result: no
configure:5909: checking for pgf90
configure:5939: result: no
configure:5909: checking for pghpf
configure:5939: result: no
configure:5909: checking for epcf90
configure:5939: result: no
configure:5909: checking for gfortran
configure:5925: found /usr/bin/gfortran
configure:5936: result: gfortran
configure:5966: checking for Fortran 77 compiler version
configure:5973: gfortran --version >&5
GNU Fortran (GCC) 4.6.3 20120306 (Red Hat 4.6.3-2)
Copyright (C) 2011 Free Software Foundation, Inc.

GNU Fortran comes with NO WARRANTY, to the extent permitted by law.
You may redistribute copies of GNU Fortran
under the terms of the GNU General Public License.
For more information about these matters, see the file named COPYING

configure:5976: $? = 0
configure:5983: gfortran -v >&5
Using built-in specs.
COLLECT_GCC=gfortran
COLLECT_LTO_WRAPPER=/usr/libexec/gcc/i686-redhat-linux/4.6.3/lto-wrapper
Target: i686-redhat-linux
Configured with: ../configure --prefix=/usr --mandir=/usr/share/man --infodir=/usr/share/info --with-bugurl=http://bugzilla.redhat.com/bugzilla --enable-bootstrap --enable-shared --enable-threads=posix --enable-checking=release --with-system-zlib --enable-__cxa_atexit --disable-libunwind-exceptions --enable-gnu-unique-object --enable-linker-build-id --enable-languages=c,c++,objc,obj-c++,java,fortran,ada,go,lto --enable-plugin --enable-java-awt=gtk --disable-dssi --with-java-home=/usr/lib/jvm/java-1.5.0-gcj-1.5.0.0/jre --enable-libgcj-multifile --enable-java-maintainer-mode --with-ecj-jar=/usr/share/java/eclipse-ecj.jar --disable-libjava-multilib --with-ppl --with-cloog --with-tune=generic --with-arch=i686 --build=i686-redhat-linux
Thread model: posix
gcc version 4.6.3 20120306 (Red Hat 4.6.3-2) (GCC) 
configure:5986: $? = 0
configure:5993: gfortran -V >&5
gfortran: error: unrecognized option '-V'
gfortran: fatal error: no input files
compilation terminated.
configure:5996: $? = 4
configure:6004: checking whether we are using the GNU Fortran 77 compiler
configure:6023: gfortran -c  conftest.F >&5
configure:6029: $? = 0
configure:6046: result: yes
configure:6052: checking whether gfortran accepts -g
configure:6069: gfortran -c -g conftest.f >&5
configure:6075: $? = 0
configure:6091: result: yes
configure:6120: checking the maximum length of command line arguments
configure:6232: result: 1572864
configure:6244: checking command to parse nm output from /home/ltf/mypro/1616/FD1616GS/trunk/buildroot/host/usr/bin/arm-linux-gcc object
configure:6349: /home/ltf/mypro/1616/FD1616GS/trunk/buildroot/host/usr/bin/arm-linux-gcc -c -g -O2  conftest.c >&5
configure:6352: $? = 0
configure:6356: nm conftest.o \| sed -n -e 's/^.*[ 	]\([ABCDGIRSTW][ABCDGIRSTW]*\)[ 	][ 	]*\([_A-Za-z][_A-Za-z0-9]*\)$/\1 \2 \2/p' \> conftest.nm
configure:6359: $? = 0
configure:6411: /home/ltf/mypro/1616/FD1616GS/trunk/buildroot/host/usr/bin/arm-linux-gcc -o conftest -g -O2   conftest.c conftstm.o >&5
configure:6414: $? = 0
configure:6452: result: ok
configure:6456: checking for objdir
configure:6471: result: .libs
configure:6523: checking for arm-linux-ar
configure:6550: result: /home/ltf/mypro/1616/FD1616GS/trunk/buildroot/host/usr/bin/arm-linux-ar
configure:6619: checking for arm-linux-ranlib
configure:6646: result: /home/ltf/mypro/1616/FD1616GS/trunk/buildroot/host/usr/bin/arm-linux-ranlib
configure:6715: checking for arm-linux-strip
configure:6742: result: /home/ltf/mypro/1616/FD1616GS/trunk/buildroot/host/usr/bin/arm-linux-strip
configure:7380: checking if /home/ltf/mypro/1616/FD1616GS/trunk/buildroot/host/usr/bin/arm-linux-gcc supports -fno-rtti -fno-exceptions
configure:7398: /home/ltf/mypro/1616/FD1616GS/trunk/buildroot/host/usr/bin/arm-linux-gcc -c -g -O2  -fno-rtti -fno-exceptions conftest.c >&5
cc1: warning: command line option '-fno-rtti' is valid for C++/ObjC++ but not for C [enabled by default]
configure:7402: $? = 0
configure:7415: result: no
configure:7430: checking for /home/ltf/mypro/1616/FD1616GS/trunk/buildroot/host/usr/bin/arm-linux-gcc option to produce PIC
configure:7662: result: -fPIC
configure:7670: checking if /home/ltf/mypro/1616/FD1616GS/trunk/buildroot/host/usr/bin/arm-linux-gcc PIC flag -fPIC works
configure:7688: /home/ltf/mypro/1616/FD1616GS/trunk/buildroot/host/usr/bin/arm-linux-gcc -c -g -O2  -fPIC -DPIC conftest.c >&5
configure:7692: $? = 0
configure:7705: result: yes
configure:7733: checking if /home/ltf/mypro/1616/FD1616GS/trunk/buildroot/host/usr/bin/arm-linux-gcc static flag -static works
configure:7761: result: yes
configure:7771: checking if /home/ltf/mypro/1616/FD1616GS/trunk/buildroot/host/usr/bin/arm-linux-gcc supports -c -o file.o
configure:7792: /home/ltf/mypro/1616/FD1616GS/trunk/buildroot/host/usr/bin/arm-linux-gcc -c -g -O2  -o out/conftest2.o conftest.c >&5
configure:7796: $? = 0
configure:7818: result: yes
configure:7844: checking whether the /home/ltf/mypro/1616/FD1616GS/trunk/buildroot/host/usr/bin/arm-linux-gcc linker (/home/ltf/mypro/1616/FD1616GS/trunk/buildroot/host/usr/bin/arm-linux-ld) supports shared libraries
configure:8825: result: yes
configure:8846: checking whether -lc should be explicitly linked in
configure:8851: /home/ltf/mypro/1616/FD1616GS/trunk/buildroot/host/usr/bin/arm-linux-gcc -c -g -O2  conftest.c >&5
configure:8854: $? = 0
configure:8869: /home/ltf/mypro/1616/FD1616GS/trunk/buildroot/host/usr/bin/arm-linux-gcc -shared conftest.o  -v -Wl,-soname -Wl,conftest -o conftest 2\>\&1 \| grep  -lc  \>/dev/null 2\>\&1
configure:8872: $? = 0
configure:8884: result: no
configure:8892: checking dynamic linker characteristics
configure:9506: result: GNU/Linux ld.so
configure:9530: checking how to hardcode library paths into programs
configure:9555: result: immediate
configure:9569: checking whether stripping libraries is possible
configure:9574: result: yes
configure:10376: checking if libtool supports shared libraries
configure:10378: result: yes
configure:10381: checking whether to build shared libraries
configure:10402: result: yes
configure:10405: checking whether to build static libraries
configure:10409: result: yes
configure:10503: creating libtool
configure:11096: checking for ld used by g++
configure:11163: result: /home/ltf/mypro/1616/FD1616GS/trunk/buildroot/host/usr/bin/arm-linux-ld
configure:11172: checking if the linker (/home/ltf/mypro/1616/FD1616GS/trunk/buildroot/host/usr/bin/arm-linux-ld) is GNU ld
configure:11187: result: yes
configure:11238: checking whether the g++ linker (/home/ltf/mypro/1616/FD1616GS/trunk/buildroot/host/usr/bin/arm-linux-ld) supports shared libraries
configure:12184: result: yes
configure:12201: g++ -c -g -O2  conftest.cpp >&5
configure:12204: $? = 0
configure:12360: checking for g++ option to produce PIC
configure:12644: result: -fPIC
configure:12652: checking if g++ PIC flag -fPIC works
configure:12670: g++ -c -g -O2  -fPIC -DPIC conftest.cpp >&5
configure:12674: $? = 0
configure:12687: result: yes
configure:12715: checking if g++ static flag -static works
configure:12743: result: no
configure:12753: checking if g++ supports -c -o file.o
configure:12774: g++ -c -g -O2  -o out/conftest2.o conftest.cpp >&5
configure:12778: $? = 0
configure:12800: result: yes
configure:12826: checking whether the g++ linker (/home/ltf/mypro/1616/FD1616GS/trunk/buildroot/host/usr/bin/arm-linux-ld) supports shared libraries
configure:12855: result: yes
configure:12922: checking dynamic linker characteristics
configure:13484: result: GNU/Linux ld.so
configure:13508: checking how to hardcode library paths into programs
configure:13533: result: immediate
configure:14072: checking if libtool supports shared libraries
configure:14074: result: yes
configure:14077: checking whether to build shared libraries
configure:14097: result: yes
configure:14100: checking whether to build static libraries
configure:14104: result: yes
configure:14114: checking for gfortran option to produce PIC
configure:14346: result: -fPIC
configure:14354: checking if gfortran PIC flag -fPIC works
configure:14372: gfortran -c -g -O2 -fPIC conftest.f >&5
configure:14376: $? = 0
configure:14389: result: yes
configure:14417: checking if gfortran static flag -static works
configure:14445: result: no
configure:14455: checking if gfortran supports -c -o file.o
configure:14476: gfortran -c -g -O2 -o out/conftest2.o conftest.f >&5
configure:14480: $? = 0
configure:14502: result: yes
configure:14528: checking whether the gfortran linker (/home/ltf/mypro/1616/FD1616GS/trunk/buildroot/host/usr/bin/arm-linux-ld) supports shared libraries
configure:15489: result: yes
configure:15556: checking dynamic linker characteristics
configure:16118: result: GNU/Linux ld.so
configure:16142: checking how to hardcode library paths into programs
configure:16167: result: immediate
configure:19808: checking sys/inotify.h usability
configure:19825: /home/ltf/mypro/1616/FD1616GS/trunk/buildroot/host/usr/bin/arm-linux-gcc -c -g -O2 -O3  conftest.c >&5
configure:19831: $? = 0
configure:19845: result: yes
configure:19849: checking sys/inotify.h presence
configure:19864: /home/ltf/mypro/1616/FD1616GS/trunk/buildroot/host/usr/bin/arm-linux-gcc -E  conftest.c
configure:19870: $? = 0
configure:19884: result: yes
configure:19912: checking for sys/inotify.h
configure:19920: result: yes
configure:19808: checking sys/epoll.h usability
configure:19825: /home/ltf/mypro/1616/FD1616GS/trunk/buildroot/host/usr/bin/arm-linux-gcc -c -g -O2 -O3  conftest.c >&5
configure:19831: $? = 0
configure:19845: result: yes
configure:19849: checking sys/epoll.h presence
configure:19864: /home/ltf/mypro/1616/FD1616GS/trunk/buildroot/host/usr/bin/arm-linux-gcc -E  conftest.c
configure:19870: $? = 0
configure:19884: result: yes
configure:19912: checking for sys/epoll.h
configure:19920: result: yes
configure:19808: checking sys/event.h usability
configure:19825: /home/ltf/mypro/1616/FD1616GS/trunk/buildroot/host/usr/bin/arm-linux-gcc -c -g -O2 -O3  conftest.c >&5
conftest.c:56:23: fatal error: sys/event.h: No such file or directory
compilation terminated.
configure:19831: $? = 1
configure: failed program was:
| /* confdefs.h.  */
| #define PACKAGE_NAME ""
| #define PACKAGE_TARNAME ""
| #define PACKAGE_VERSION ""
| #define PACKAGE_STRING ""
| #define PACKAGE_BUGREPORT ""
| #define PACKAGE "libev"
| #define VERSION "3.7"
| #define STDC_HEADERS 1
| #define HAVE_SYS_TYPES_H 1
| #define HAVE_SYS_STAT_H 1
| #define HAVE_STDLIB_H 1
| #define HAVE_STRING_H 1
| #define HAVE_MEMORY_H 1
| #define HAVE_STRINGS_H 1
| #define HAVE_INTTYPES_H 1
| #define HAVE_STDINT_H 1
| #define HAVE_UNISTD_H 1
| #define HAVE_DLFCN_H 1
| #define HAVE_SYS_INOTIFY_H 1
| #define HAVE_SYS_EPOLL_H 1
| /* end confdefs.h.  */
| #include <stdio.h>
| #ifdef HAVE_SYS_TYPES_H
| # include <sys/types.h>
| #endif
| #ifdef HAVE_SYS_STAT_H
| # include <sys/stat.h>
| #endif
| #ifdef STDC_HEADERS
| # include <stdlib.h>
| # include <stddef.h>
| #else
| # ifdef HAVE_STDLIB_H
| #  include <stdlib.h>
| # endif
| #endif
| #ifdef HAVE_STRING_H
| # if !defined STDC_HEADERS && defined HAVE_MEMORY_H
| #  include <memory.h>
| # endif
| # include <string.h>
| #endif
| #ifdef HAVE_STRINGS_H
| # include <strings.h>
| #endif
| #ifdef HAVE_INTTYPES_H
| # include <inttypes.h>
| #endif
| #ifdef HAVE_STDINT_H
| # include <stdint.h>
| #endif
| #ifdef HAVE_UNISTD_H
| # include <unistd.h>
| #endif
| #include <sys/event.h>
configure:19845: result: no
configure:19849: checking sys/event.h presence
configure:19864: /home/ltf/mypro/1616/FD1616GS/trunk/buildroot/host/usr/bin/arm-linux-gcc -E  conftest.c
conftest.c:23:23: fatal error: sys/event.h: No such file or directory
compilation terminated.
configure:19870: $? = 1
configure: failed program was:
| /* confdefs.h.  */
| #define PACKAGE_NAME ""
| #define PACKAGE_TARNAME ""
| #define PACKAGE_VERSION ""
| #define PACKAGE_STRING ""
| #define PACKAGE_BUGREPORT ""
| #define PACKAGE "libev"
| #define VERSION "3.7"
| #define STDC_HEADERS 1
| #define HAVE_SYS_TYPES_H 1
| #define HAVE_SYS_STAT_H 1
| #define HAVE_STDLIB_H 1
| #define HAVE_STRING_H 1
| #define HAVE_MEMORY_H 1
| #define HAVE_STRINGS_H 1
| #define HAVE_INTTYPES_H 1
| #define HAVE_STDINT_H 1
| #define HAVE_UNISTD_H 1
| #define HAVE_DLFCN_H 1
| #define HAVE_SYS_INOTIFY_H 1
| #define HAVE_SYS_EPOLL_H 1
| /* end confdefs.h.  */
| #include <sys/event.h>
configure:19884: result: no
configure:19912: checking for sys/event.h
configure:19920: result: no
configure:19808: checking sys/queue.h usability
configure:19825: /home/ltf/mypro/1616/FD1616GS/trunk/buildroot/host/usr/bin/arm-linux-gcc -c -g -O2 -O3  conftest.c >&5
configure:19831: $? = 0
configure:19845: result: yes
configure:19849: checking sys/queue.h presence
configure:19864: /home/ltf/mypro/1616/FD1616GS/trunk/buildroot/host/usr/bin/arm-linux-gcc -E  conftest.c
configure:19870: $? = 0
configure:19884: result: yes
configure:19912: checking for sys/queue.h
configure:19920: result: yes
configure:19808: checking port.h usability
configure:19825: /home/ltf/mypro/1616/FD1616GS/trunk/buildroot/host/usr/bin/arm-linux-gcc -c -g -O2 -O3  conftest.c >&5
conftest.c:57:18: fatal error: port.h: No such file or directory
compilation terminated.
configure:19831: $? = 1
configure: failed program was:
| /* confdefs.h.  */
| #define PACKAGE_NAME ""
| #define PACKAGE_TARNAME ""
| #define PACKAGE_VERSION ""
| #define PACKAGE_STRING ""
| #define PACKAGE_BUGREPORT ""
| #define PACKAGE "libev"
| #define VERSION "3.7"
| #define STDC_HEADERS 1
| #define HAVE_SYS_TYPES_H 1
| #define HAVE_SYS_STAT_H 1
| #define HAVE_STDLIB_H 1
| #define HAVE_STRING_H 1
| #define HAVE_MEMORY_H 1
| #define HAVE_STRINGS_H 1
| #define HAVE_INTTYPES_H 1
| #define HAVE_STDINT_H 1
| #define HAVE_UNISTD_H 1
| #define HAVE_DLFCN_H 1
| #define HAVE_SYS_INOTIFY_H 1
| #define HAVE_SYS_EPOLL_H 1
| #define HAVE_SYS_QUEUE_H 1
| /* end confdefs.h.  */
| #include <stdio.h>
| #ifdef HAVE_SYS_TYPES_H
| # include <sys/types.h>
| #endif
| #ifdef HAVE_SYS_STAT_H
| # include <sys/stat.h>
| #endif
| #ifdef STDC_HEADERS
| # include <stdlib.h>
| # include <stddef.h>
| #else
| # ifdef HAVE_STDLIB_H
| #  include <stdlib.h>
| # endif
| #endif
| #ifdef HAVE_STRING_H
| # if !defined STDC_HEADERS && defined HAVE_MEMORY_H
| #  include <memory.h>
| # endif
| # include <string.h>
| #endif
| #ifdef HAVE_STRINGS_H
| # include <strings.h>
| #endif
| #ifdef HAVE_INTTYPES_H
| # include <inttypes.h>
| #endif
| #ifdef HAVE_STDINT_H
| # include <stdint.h>
| #endif
| #ifdef HAVE_UNISTD_H
| # include <unistd.h>
| #endif
| #include <port.h>
configure:19845: result: no
configure:19849: checking port.h presence
configure:19864: /home/ltf/mypro/1616/FD1616GS/trunk/buildroot/host/usr/bin/arm-linux-gcc -E  conftest.c
conftest.c:24:18: fatal error: port.h: No such file or directory
compilation terminated.
configure:19870: $? = 1
configure: failed program was:
| /* confdefs.h.  */
| #define PACKAGE_NAME ""
| #define PACKAGE_TARNAME ""
| #define PACKAGE_VERSION ""
| #define PACKAGE_STRING ""
| #define PACKAGE_BUGREPORT ""
| #define PACKAGE "libev"
| #define VERSION "3.7"
| #define STDC_HEADERS 1
| #define HAVE_SYS_TYPES_H 1
| #define HAVE_SYS_STAT_H 1
| #define HAVE_STDLIB_H 1
| #define HAVE_STRING_H 1
| #define HAVE_MEMORY_H 1
| #define HAVE_STRINGS_H 1
| #define HAVE_INTTYPES_H 1
| #define HAVE_STDINT_H 1
| #define HAVE_UNISTD_H 1
| #define HAVE_DLFCN_H 1
| #define HAVE_SYS_INOTIFY_H 1
| #define HAVE_SYS_EPOLL_H 1
| #define HAVE_SYS_QUEUE_H 1
| /* end confdefs.h.  */
| #include <port.h>
configure:19884: result: no
configure:19912: checking for port.h
configure:19920: result: no
configure:19808: checking poll.h usability
configure:19825: /home/ltf/mypro/1616/FD1616GS/trunk/buildroot/host/usr/bin/arm-linux-gcc -c -g -O2 -O3  conftest.c >&5
configure:19831: $? = 0
configure:19845: result: yes
configure:19849: checking poll.h presence
configure:19864: /home/ltf/mypro/1616/FD1616GS/trunk/buildroot/host/usr/bin/arm-linux-gcc -E  conftest.c
configure:19870: $? = 0
configure:19884: result: yes
configure:19912: checking for poll.h
configure:19920: result: yes
configure:19808: checking sys/select.h usability
configure:19825: /home/ltf/mypro/1616/FD1616GS/trunk/buildroot/host/usr/bin/arm-linux-gcc -c -g -O2 -O3  conftest.c >&5
configure:19831: $? = 0
configure:19845: result: yes
configure:19849: checking sys/select.h presence
configure:19864: /home/ltf/mypro/1616/FD1616GS/trunk/buildroot/host/usr/bin/arm-linux-gcc -E  conftest.c
configure:19870: $? = 0
configure:19884: result: yes
configure:19912: checking for sys/select.h
configure:19920: result: yes
configure:19808: checking sys/eventfd.h usability
configure:19825: /home/ltf/mypro/1616/FD1616GS/trunk/buildroot/host/usr/bin/arm-linux-gcc -c -g -O2 -O3  conftest.c >&5
configure:19831: $? = 0
configure:19845: result: yes
configure:19849: checking sys/eventfd.h presence
configure:19864: /home/ltf/mypro/1616/FD1616GS/trunk/buildroot/host/usr/bin/arm-linux-gcc -E  conftest.c
configure:19870: $? = 0
configure:19884: result: yes
configure:19912: checking for sys/eventfd.h
configure:19920: result: yes
configure:19944: checking for inotify_init
configure:20000: /home/ltf/mypro/1616/FD1616GS/trunk/buildroot/host/usr/bin/arm-linux-gcc -o conftest -g -O2 -O3   conftest.c  >&5
configure:20006: $? = 0
configure:20024: result: yes
configure:19944: checking for epoll_ctl
configure:20000: /home/ltf/mypro/1616/FD1616GS/trunk/buildroot/host/usr/bin/arm-linux-gcc -o conftest -g -O2 -O3   conftest.c  >&5
configure:20006: $? = 0
configure:20024: result: yes
configure:19944: checking for kqueue
configure:20000: /home/ltf/mypro/1616/FD1616GS/trunk/buildroot/host/usr/bin/arm-linux-gcc -o conftest -g -O2 -O3   conftest.c  >&5
/tmp/ccDAAvcb.o: In function `main':
/home/ltf/mypro/1616/FD1616GS/trunk/buildroot/platform/libev/libev37/conftest.c:63: undefined reference to `kqueue'
collect2: error: ld returned 1 exit status
configure:20006: $? = 1
configure: failed program was:
| /* confdefs.h.  */
| #define PACKAGE_NAME ""
| #define PACKAGE_TARNAME ""
| #define PACKAGE_VERSION ""
| #define PACKAGE_STRING ""
| #define PACKAGE_BUGREPORT ""
| #define PACKAGE "libev"
| #define VERSION "3.7"
| #define STDC_HEADERS 1
| #define HAVE_SYS_TYPES_H 1
| #define HAVE_SYS_STAT_H 1
| #define HAVE_STDLIB_H 1
| #define HAVE_STRING_H 1
| #define HAVE_MEMORY_H 1
| #define HAVE_STRINGS_H 1
| #define HAVE_INTTYPES_H 1
| #define HAVE_STDINT_H 1
| #define HAVE_UNISTD_H 1
| #define HAVE_DLFCN_H 1
| #define HAVE_SYS_INOTIFY_H 1
| #define HAVE_SYS_EPOLL_H 1
| #define HAVE_SYS_QUEUE_H 1
| #define HAVE_POLL_H 1
| #define HAVE_SYS_SELECT_H 1
| #define HAVE_SYS_EVENTFD_H 1
| #define HAVE_INOTIFY_INIT 1
| #define HAVE_EPOLL_CTL 1
| /* end confdefs.h.  */
| /* Define kqueue to an innocuous variant, in case <limits.h> declares kqueue.
|    For example, HP-UX 11i <limits.h> declares gettimeofday.  */
| #define kqueue innocuous_kqueue
| 
| /* System header to define __stub macros and hopefully few prototypes,
|     which can conflict with char kqueue (); below.
|     Prefer <limits.h> to <assert.h> if __STDC__ is defined, since
|     <limits.h> exists even on freestanding compilers.  */
| 
| #ifdef __STDC__
| # include <limits.h>
| #else
| # include <assert.h>
| #endif
| 
| #undef kqueue
| 
| /* Override any GCC internal prototype to avoid an error.
|    Use char because int might match the return type of a GCC
|    builtin and then its argument prototype would still apply.  */
| #ifdef __cplusplus
| extern "C"
| #endif
| char kqueue ();
| /* The GNU C library defines this for functions which it implements
|     to always fail with ENOSYS.  Some functions are actually named
|     something starting with __ and the normal name is an alias.  */
| #if defined __stub_kqueue || defined __stub___kqueue
| choke me
| #endif
| 
| int
| main ()
| {
| return kqueue ();
|   ;
|   return 0;
| }
configure:20024: result: no
configure:19944: checking for port_create
configure:20000: /home/ltf/mypro/1616/FD1616GS/trunk/buildroot/host/usr/bin/arm-linux-gcc -o conftest -g -O2 -O3   conftest.c  >&5
/tmp/cc9ENsmh.o: In function `main':
/home/ltf/mypro/1616/FD1616GS/trunk/buildroot/platform/libev/libev37/conftest.c:63: undefined reference to `port_create'
collect2: error: ld returned 1 exit status
configure:20006: $? = 1
configure: failed program was:
| /* confdefs.h.  */
| #define PACKAGE_NAME ""
| #define PACKAGE_TARNAME ""
| #define PACKAGE_VERSION ""
| #define PACKAGE_STRING ""
| #define PACKAGE_BUGREPORT ""
| #define PACKAGE "libev"
| #define VERSION "3.7"
| #define STDC_HEADERS 1
| #define HAVE_SYS_TYPES_H 1
| #define HAVE_SYS_STAT_H 1
| #define HAVE_STDLIB_H 1
| #define HAVE_STRING_H 1
| #define HAVE_MEMORY_H 1
| #define HAVE_STRINGS_H 1
| #define HAVE_INTTYPES_H 1
| #define HAVE_STDINT_H 1
| #define HAVE_UNISTD_H 1
| #define HAVE_DLFCN_H 1
| #define HAVE_SYS_INOTIFY_H 1
| #define HAVE_SYS_EPOLL_H 1
| #define HAVE_SYS_QUEUE_H 1
| #define HAVE_POLL_H 1
| #define HAVE_SYS_SELECT_H 1
| #define HAVE_SYS_EVENTFD_H 1
| #define HAVE_INOTIFY_INIT 1
| #define HAVE_EPOLL_CTL 1
| /* end confdefs.h.  */
| /* Define port_create to an innocuous variant, in case <limits.h> declares port_create.
|    For example, HP-UX 11i <limits.h> declares gettimeofday.  */
| #define port_create innocuous_port_create
| 
| /* System header to define __stub macros and hopefully few prototypes,
|     which can conflict with char port_create (); below.
|     Prefer <limits.h> to <assert.h> if __STDC__ is defined, since
|     <limits.h> exists even on freestanding compilers.  */
| 
| #ifdef __STDC__
| # include <limits.h>
| #else
| # include <assert.h>
| #endif
| 
| #undef port_create
| 
| /* Override any GCC internal prototype to avoid an error.
|    Use char because int might match the return type of a GCC
|    builtin and then its argument prototype would still apply.  */
| #ifdef __cplusplus
| extern "C"
| #endif
| char port_create ();
| /* The GNU C library defines this for functions which it implements
|     to always fail with ENOSYS.  Some functions are actually named
|     something starting with __ and the normal name is an alias.  */
| #if defined __stub_port_create || defined __stub___port_create
| choke me
| #endif
| 
| int
| main ()
| {
| return port_create ();
|   ;
|   return 0;
| }
configure:20024: result: no
configure:19944: checking for poll
configure:20000: /home/ltf/mypro/1616/FD1616GS/trunk/buildroot/host/usr/bin/arm-linux-gcc -o conftest -g -O2 -O3   conftest.c  >&5
configure:20006: $? = 0
configure:20024: result: yes
configure:19944: checking for select
configure:20000: /home/ltf/mypro/1616/FD1616GS/trunk/buildroot/host/usr/bin/arm-linux-gcc -o conftest -g -O2 -O3   conftest.c  >&5
configure:20006: $? = 0
configure:20024: result: yes
configure:19944: checking for eventfd
configure:20000: /home/ltf/mypro/1616/FD1616GS/trunk/buildroot/host/usr/bin/arm-linux-gcc -o conftest -g -O2 -O3   conftest.c  >&5
configure:20006: $? = 0
configure:20024: result: yes
configure:20035: checking for clock_gettime
configure:20091: /home/ltf/mypro/1616/FD1616GS/trunk/buildroot/host/usr/bin/arm-linux-gcc -o conftest -g -O2 -O3   conftest.c  >&5
configure:20097: $? = 0
configure:20114: result: yes
configure:20348: checking for nanosleep
configure:20404: /home/ltf/mypro/1616/FD1616GS/trunk/buildroot/host/usr/bin/arm-linux-gcc -o conftest -g -O2 -O3   conftest.c  >&5
configure:20410: $? = 0
configure:20427: result: yes
configure:20606: checking for ceil in -lm
configure:20641: /home/ltf/mypro/1616/FD1616GS/trunk/buildroot/host/usr/bin/arm-linux-gcc -o conftest -g -O2 -O3   conftest.c -lm   >&5
conftest.c:39:6: warning: conflicting types for built-in function 'ceil' [enabled by default]
configure:20647: $? = 0
configure:20665: result: yes
configure:20811: creating ./config.status

## ---------------------- ##
## Running config.status. ##
## ---------------------- ##

This file was extended by config.status, which was
generated by GNU Autoconf 2.61.  Invocation command line was

  CONFIG_FILES    = 
  CONFIG_HEADERS  = 
  CONFIG_LINKS    = 
  CONFIG_COMMANDS = 
  $ ./config.status 

on localhost.localdomain

config.status:662: creating Makefile
config.status:662: creating config.h
config.status:941: executing depfiles commands

## ---------------- ##
## Cache variables. ##
## ---------------- ##

ac_cv_build=i386-pc-linux-gnu
ac_cv_c_compiler_gnu=yes
ac_cv_cxx_compiler_gnu=yes
ac_cv_env_CCC_set=
ac_cv_env_CCC_value=
ac_cv_env_CC_set=set
ac_cv_env_CC_value=/home/ltf/mypro/1616/FD1616GS/trunk/buildroot/host/usr/bin/arm-linux-gcc
ac_cv_env_CFLAGS_set=
ac_cv_env_CFLAGS_value=
ac_cv_env_CPPFLAGS_set=
ac_cv_env_CPPFLAGS_value=
ac_cv_env_CPP_set=
ac_cv_env_CPP_value=
ac_cv_env_CXXCPP_set=
ac_cv_env_CXXCPP_value=
ac_cv_env_CXXFLAGS_set=
ac_cv_env_CXXFLAGS_value=
ac_cv_env_CXX_set=
ac_cv_env_CXX_value=
ac_cv_env_F77_set=
ac_cv_env_F77_value=
ac_cv_env_FFLAGS_set=
ac_cv_env_FFLAGS_value=
ac_cv_env_LDFLAGS_set=
ac_cv_env_LDFLAGS_value=
ac_cv_env_LIBS_set=
ac_cv_env_LIBS_value=
ac_cv_env_build_alias_set=set
ac_cv_env_build_alias_value=i386-linux
ac_cv_env_host_alias_set=set
ac_cv_env_host_alias_value=arm-linux
ac_cv_env_target_alias_set=set
ac_cv_env_target_alias_value=arm-linux
ac_cv_f77_compiler_gnu=yes
ac_cv_func_clock_gettime=yes
ac_cv_func_epoll_ctl=yes
ac_cv_func_eventfd=yes
ac_cv_func_inotify_init=yes
ac_cv_func_kqueue=no
ac_cv_func_nanosleep=yes
ac_cv_func_poll=yes
ac_cv_func_port_create=no
ac_cv_func_select=yes
ac_cv_header_dlfcn_h=yes
ac_cv_header_inttypes_h=yes
ac_cv_header_memory_h=yes
ac_cv_header_poll_h=yes
ac_cv_header_port_h=no
ac_cv_header_stdc=yes
ac_cv_header_stdint_h=yes
ac_cv_header_stdlib_h=yes
ac_cv_header_string_h=yes
ac_cv_header_strings_h=yes
ac_cv_header_sys_epoll_h=yes
ac_cv_header_sys_event_h=no
ac_cv_header_sys_eventfd_h=yes
ac_cv_header_sys_inotify_h=yes
ac_cv_header_sys_queue_h=yes
ac_cv_header_sys_select_h=yes
ac_cv_header_sys_stat_h=yes
ac_cv_header_sys_types_h=yes
ac_cv_header_unistd_h=yes
ac_cv_host=arm-unknown-linux-gnu
ac_cv_lib_m_ceil=yes
ac_cv_objext=o
ac_cv_path_EGREP='/bin/grep -E'
ac_cv_path_GREP=/bin/grep
ac_cv_path_install='/usr/bin/install -c'
ac_cv_prog_AR=/home/ltf/mypro/1616/FD1616GS/trunk/buildroot/host/usr/bin/arm-linux-ar
ac_cv_prog_AWK=gawk
ac_cv_prog_CC=/home/ltf/mypro/1616/FD1616GS/trunk/buildroot/host/usr/bin/arm-linux-gcc
ac_cv_prog_CPP='/home/ltf/mypro/1616/FD1616GS/trunk/buildroot/host/usr/bin/arm-linux-gcc -E'
ac_cv_prog_CXXCPP='g++ -E'
ac_cv_prog_RANLIB=/home/ltf/mypro/1616/FD1616GS/trunk/buildroot/host/usr/bin/arm-linux-ranlib
ac_cv_prog_STRIP=/home/ltf/mypro/1616/FD1616GS/trunk/buildroot/host/usr/bin/arm-linux-strip
ac_cv_prog_ac_ct_CXX=g++
ac_cv_prog_ac_ct_F77=gfortran
ac_cv_prog_cc_c89=
ac_cv_prog_cc_g=yes
ac_cv_prog_cxx_g=yes
ac_cv_prog_f77_g=yes
ac_cv_prog_make_make_set=yes
am_cv_CC_dependencies_compiler_type=none
am_cv_CXX_dependencies_compiler_type=none
lt_cv_deplibs_check_method=pass_all
lt_cv_file_magic_cmd='$MAGIC_CMD'
lt_cv_file_magic_test_file=
lt_cv_ld_reload_flag=-r
lt_cv_objdir=.libs
lt_cv_path_LD=/home/ltf/mypro/1616/FD1616GS/trunk/buildroot/host/usr/bin/arm-linux-ld
lt_cv_path_LDCXX=/home/ltf/mypro/1616/FD1616GS/trunk/buildroot/host/usr/bin/arm-linux-ld
lt_cv_path_NM=nm
lt_cv_path_SED=/bin/sed
lt_cv_prog_compiler_c_o=yes
lt_cv_prog_compiler_c_o_CXX=yes
lt_cv_prog_compiler_c_o_F77=yes
lt_cv_prog_compiler_pic_works=yes
lt_cv_prog_compiler_pic_works_CXX=yes
lt_cv_prog_compiler_pic_works_F77=yes
lt_cv_prog_compiler_rtti_exceptions=no
lt_cv_prog_compiler_static_works=yes
lt_cv_prog_compiler_static_works_CXX=no
lt_cv_prog_compiler_static_works_F77=no
lt_cv_prog_gnu_ld=yes
lt_cv_prog_gnu_ldcxx=yes
lt_cv_sys_global_symbol_pipe='sed -n -e '\''s/^.*[ 	]\([ABCDGIRSTW][ABCDGIRSTW]*\)[ 	][ 	]*\([_A-Za-z][_A-Za-z0-9]*\)$/\1 \2 \2/p'\'''
lt_cv_sys_global_symbol_to_c_name_address='sed -n -e '\''s/^: \([^ ]*\) $/  {\"\1\", (lt_ptr) 0},/p'\'' -e '\''s/^[BCDEGRST] \([^ ]*\) \([^ ]*\)$/  {"\2", (lt_ptr) \&\2},/p'\'''
lt_cv_sys_global_symbol_to_cdecl='sed -n -e '\''s/^. .* \(.*\)$/extern int \1;/p'\'''
lt_cv_sys_lib_dlsearch_path_spec='/lib /usr/lib /usr/lib/atlas /usr/lib/xulrunner-2 /usr/local/lib '
lt_cv_sys_lib_search_path_spec='/home/ltf/mypro/1616/FD1616GS/trunk/buildroot/host/usr/lib/gcc/arm-broadcom-linux-uclibcgnueabi/4.7.2 /home/ltf/mypro/1616/FD1616GS/trunk/buildroot/host/usr/arm-broadcom-linux-uclibcgnueabi/lib /home/ltf/mypro/1616/FD1616GS/trunk/buildroot/host/usr/arm-broadcom-linux-uclibcgnueabi/sysroot/lib /home/ltf/mypro/1616/FD1616GS/trunk/buildroot/host/usr/arm-broadcom-linux-uclibcgnueabi/sysroot/usr/lib'
lt_cv_sys_max_cmd_len=1572864
lt_lt_cv_prog_compiler_c_o='"yes"'
lt_lt_cv_prog_compiler_c_o_CXX='"yes"'
lt_lt_cv_prog_compiler_c_o_F77='"yes"'
lt_lt_cv_sys_global_symbol_pipe='"sed -n -e '\''s/^.*[ 	]\\([ABCDGIRSTW][ABCDGIRSTW]*\\)[ 	][ 	]*\\([_A-Za-z][_A-Za-z0-9]*\\)\$/\\1 \\2 \\2/p'\''"'
lt_lt_cv_sys_global_symbol_to_c_name_address='"sed -n -e '\''s/^: \\([^ ]*\\) \$/  {\\\"\\1\\\", (lt_ptr) 0},/p'\'' -e '\''s/^[BCDEGRST] \\([^ ]*\\) \\([^ ]*\\)\$/  {\"\\2\", (lt_ptr) \\&\\2},/p'\''"'
lt_lt_cv_sys_global_symbol_to_cdecl='"sed -n -e '\''s/^. .* \\(.*\\)\$/extern int \\1;/p'\''"'

## ----------------- ##
## Output variables. ##
## ----------------- ##

ACLOCAL='${SHELL} /home/ltf/mypro/1616/FD1616GS/trunk/buildroot/platform/libev/libev37/missing --run aclocal-1.7'
AMDEPBACKSLASH='\'
AMDEP_FALSE='#'
AMDEP_TRUE=''
AMTAR='${SHELL} /home/ltf/mypro/1616/FD1616GS/trunk/buildroot/platform/libev/libev37/missing --run tar'
AR='/home/ltf/mypro/1616/FD1616GS/trunk/buildroot/host/usr/bin/arm-linux-ar'
AUTOCONF='${SHELL} /home/ltf/mypro/1616/FD1616GS/trunk/buildroot/platform/libev/libev37/missing --run autoconf'
AUTOHEADER='${SHELL} /home/ltf/mypro/1616/FD1616GS/trunk/buildroot/platform/libev/libev37/missing --run autoheader'
AUTOMAKE='${SHELL} /home/ltf/mypro/1616/FD1616GS/trunk/buildroot/platform/libev/libev37/missing --run automake-1.7'
AWK='gawk'
CC='/home/ltf/mypro/1616/FD1616GS/trunk/buildroot/host/usr/bin/arm-linux-gcc'
CCDEPMODE='depmode=none'
CFLAGS='-g -O2 -O3'
CPP='/home/ltf/mypro/1616/FD1616GS/trunk/buildroot/host/usr/bin/arm-linux-gcc -E'
CPPFLAGS=''
CXX='g++'
CXXCPP='g++ -E'
CXXDEPMODE='depmode=none'
CXXFLAGS='-g -O2'
CYGPATH_W='echo'
DEFS='-DHAVE_CONFIG_H'
DEPDIR='.deps'
DSYMUTIL=''
ECHO='echo'
ECHO_C=''
ECHO_N='-n'
ECHO_T=''
EGREP='/bin/grep -E'
EXEEXT=''
F77='gfortran'
FFLAGS='-g -O2'
GREP='/bin/grep'
INSTALL_DATA='${INSTALL} -m 644'
INSTALL_PROGRAM='${INSTALL}'
INSTALL_SCRIPT='${INSTALL}'
INSTALL_STRIP_PROGRAM='${SHELL} $(install_sh) -c -s'
LDFLAGS=''
LIBOBJS=''
LIBS='-lm '
LIBTOOL='$(SHELL) $(top_builddir)/libtool'
LN_S='ln -s'
LTLIBOBJS=''
MAINT='#'
MAINTAINER_MODE_FALSE=''
MAINTAINER_MODE_TRUE='#'
MAKEINFO='${SHELL} /home/ltf/mypro/1616/FD1616GS/trunk/buildroot/platform/libev/libev37/missing --run makeinfo'
NMEDIT=''
OBJEXT='o'
PACKAGE='libev'
PACKAGE_BUGREPORT=''
PACKAGE_NAME=''
PACKAGE_STRING=''
PACKAGE_TARNAME=''
PACKAGE_VERSION=''
PATH_SEPARATOR=':'
RANLIB='/home/ltf/mypro/1616/FD1616GS/trunk/buildroot/host/usr/bin/arm-linux-ranlib'
SED='/bin/sed'
SET_MAKE=''
SHELL='/bin/sh'
STRIP='/home/ltf/mypro/1616/FD1616GS/trunk/buildroot/host/usr/bin/arm-linux-strip'
VERSION='3.7'
ac_ct_CC=''
ac_ct_CXX='g++'
ac_ct_F77='gfortran'
am__fastdepCC_FALSE=''
am__fastdepCC_TRUE='#'
am__fastdepCXX_FALSE=''
am__fastdepCXX_TRUE='#'
am__include='include'
am__leading_dot='.'
am__quote=''
bindir='${exec_prefix}/bin'
build='i386-pc-linux-gnu'
build_alias='i386-linux'
build_cpu='i386'
build_os='linux-gnu'
build_vendor='pc'
datadir='${datarootdir}'
datarootdir='${prefix}/share'
docdir='${datarootdir}/doc/${PACKAGE}'
dvidir='${docdir}'
exec_prefix='${prefix}'
host='arm-unknown-linux-gnu'
host_alias='arm-linux'
host_cpu='arm'
host_os='linux-gnu'
host_vendor='unknown'
htmldir='${docdir}'
includedir='/home/ltf/mypro/1616/FD1616GS/trunk/buildroot/platform/libev/include'
infodir='${datarootdir}/info'
install_sh='/home/ltf/mypro/1616/FD1616GS/trunk/buildroot/platform/libev/libev37/install-sh'
libdir='${exec_prefix}/lib'
libexecdir='${exec_prefix}/libexec'
localedir='${datarootdir}/locale'
localstatedir='${prefix}/var'
mandir='${datarootdir}/man'
oldincludedir='/usr/include'
pdfdir='${docdir}'
prefix='/home/ltf/mypro/1616/FD1616GS/trunk/buildroot/platform/libev/install'
program_transform_name='s,x,x,'
psdir='${docdir}'
sbindir='${exec_prefix}/sbin'
sharedstatedir='${prefix}/com'
sysconfdir='${prefix}/etc'
target_alias='arm-linux'

## ----------- ##
## confdefs.h. ##
## ----------- ##

#define PACKAGE_NAME ""
#define PACKAGE_TARNAME ""
#define PACKAGE_VERSION ""
#define PACKAGE_STRING ""
#define PACKAGE_BUGREPORT ""
#define PACKAGE "libev"
#define VERSION "3.7"
#define STDC_HEADERS 1
#define HAVE_SYS_TYPES_H 1
#define HAVE_SYS_STAT_H 1
#define HAVE_STDLIB_H 1
#define HAVE_STRING_H 1
#define HAVE_MEMORY_H 1
#define HAVE_STRINGS_H 1
#define HAVE_INTTYPES_H 1
#define HAVE_STDINT_H 1
#define HAVE_UNISTD_H 1
#define HAVE_DLFCN_H 1
#define HAVE_SYS_INOTIFY_H 1
#define HAVE_SYS_EPOLL_H 1
#define HAVE_SYS_QUEUE_H 1
#define HAVE_POLL_H 1
#define HAVE_SYS_SELECT_H 1
#define HAVE_SYS_EVENTFD_H 1
#define HAVE_INOTIFY_INIT 1
#define HAVE_EPOLL_CTL 1
#define HAVE_POLL 1
#define HAVE_SELECT 1
#define HAVE_EVENTFD 1
#define HAVE_LIBM 1

configure: exit 0
